22:40:00.684 [main] INFO  Market.contenedores.Contenedor - Se introdujo un producto al contenedor
22:40:00.686 [main] ERROR Market.contenedores.Contenedor - Producto a contenedor
22:40:44.202 [main] INFO  Market.contenedores.Contenedor - Se introdujo un producto al contenedor
22:40:47.097 [main] INFO  Market.contenedores.Contenedor - Se introdujo un producto al contenedor
23:17:38.238 [main] INFO  Market.contenedores.Contenedor - Se introdujo un producto al contenedor
23:17:39.019 [main] INFO  Market.contenedores.Contenedor - Se introdujo un producto al contenedor
23:17:40.939 [main] INFO  Market.contenedores.Contenedor - Se introdujo un producto al contenedor
23:17:49.300 [main] INFO  Market.SuperMercado - El usuario decidio eliminar la orden.
23:17:59.381 [main] INFO  Market.contenedores.Contenedor - Se introdujo un producto al contenedor
23:18:00.196 [main] INFO  Market.contenedores.Contenedor - Se introdujo un producto al contenedor
23:18:04.231 [main] INFO  Market.contenedores.Contenedor - Se introdujo un producto al contenedor
23:18:08.609 [main] INFO  Market.Facturacion - Se imprimio la factura en un archivo PDF.
23:22:23.291 [main] INFO  Market.contenedores.Contenedor - Se introdujo un producto al contenedor
23:22:27.025 [main] INFO  Market.SuperMercado - El usuario decidio eliminar la orden.
23:23:45.071 [main] INFO  Market.contenedores.Contenedor - Se introdujo un producto al contenedor
23:23:50.393 [main] INFO  Market.SuperMercado - El usuario decidio eliminar la orden.
23:25:03.631 [main] INFO  Market.SuperMercado - El usuario decidio eliminar la orden.
23:25:52.701 [main] INFO  Market.contenedores.Contenedor - Se introdujo un producto al contenedor
23:25:55.118 [main] INFO  Market.contenedores.Contenedor - Se introdujo un producto al contenedor
23:25:59.648 [main] INFO  Market.SuperMercado - El usuario decidio eliminar la orden.
23:26:36.826 [main] INFO  Market.contenedores.Contenedor - Se introdujo un producto al contenedor
23:26:37.403 [main] INFO  Market.contenedores.Contenedor - Se introdujo un producto al contenedor
23:26:41.058 [main] INFO  Market.SuperMercado - El usuario decidio eliminar la orden.
23:28:56.338 [main] INFO  Market.SuperMercado - El usuario agrego una bolsa como contenedor.
23:29:24.658 [main] INFO  Market.contenedores.Contenedor - Se introdujo un producto al contenedor
23:29:35.601 [main] INFO  Market.SuperMercado - El usuario decidio eliminar la orden.
23:30:38.353 [main] INFO  Market.SuperMercado - El usuario agrego una bolsa como contenedor.
23:30:49.210 [main] INFO  Market.SuperMercado - El usuario decidio eliminar la orden.
23:31:37.810 [main] INFO  Market.SuperMercado - El usuario agrego una caja como contenedor.
23:33:03.400 [main] INFO  Market.SuperMercado - El usuario agrego un contenedor.
23:33:11.543 [main] INFO  Market.contenedores.Contenedor - Se introdujo un producto al contenedor
23:33:12.766 [main] INFO  Market.contenedores.Contenedor - Se introdujo un producto al contenedor
23:33:13.781 [main] INFO  Market.contenedores.Contenedor - Se introdujo un producto al contenedor
23:33:15.240 [main] INFO  Market.contenedores.Contenedor - Se introdujo un producto al contenedor
23:33:18.704 [main] INFO  Market.SuperMercado - El usuario decidio eliminar la orden.
23:34:04.981 [main] INFO  Market.SuperMercado - El usuario agrego un contenedor.
23:34:22.345 [main] INFO  Market.SuperMercado - El usuario decidio eliminar la orden.
23:35:55.886 [main] INFO  Market.SuperMercado - Agregando contenedor.
23:36:35.080 [main] INFO  Market.SuperMercado - El usuario decidio eliminar la orden.
23:40:37.962 [main] INFO  Market.contenedores.Contenedor - Se introdujo un producto al contenedor
23:40:39.317 [main] INFO  Market.contenedores.Contenedor - Se introdujo un producto al contenedor
23:40:46.066 [main] INFO  Market.SuperMercado - El usuario decidio eliminar la orden.
23:41:45.926 [main] INFO  Market.SuperMercado - Agregando contenedor.
23:41:52.320 [main] INFO  Market.contenedores.Contenedor - Se introdujo un producto al contenedor
23:41:53.758 [main] INFO  Market.contenedores.Contenedor - Se introdujo un producto al contenedor
23:41:57.469 [main] INFO  Market.SuperMercado - El usuario decidio eliminar la orden.
